<=========================================================>
<=================>    BUG LOG HEADER   <=================>
<=========================================================>
Assignment:
    MP?
CheckPoint:
    CP?
CreateTime:
    2022.??.??

<--------------------------------------------------------->
                          BUG 1                          
<--------------------------------------------------------->
Time:
    2022.??.??.
Creator:
    First Last.
Description:
    1. is there a way to test system call handler
    2. what is syscalls folder for?
    3. how do we start execute?
    4. 
Solution:
    1. 